<?xml version="1.0" encoding="UTF-8"?>
<!-- Generated by org.testng.reporters.JUnitXMLReporter -->
<testsuite hostname="Parmeshwar-QA" name="TC_041_Verify_Dropdown_List" tests="2" failures="0" timestamp="11 Oct 2018 06:44:54 GMT" time="48.052" errors="0">
  <testcase name="setup" time="0.001" classname="com.Airpay.Tests.TC_041_Verify_Dropdown_List"/>
  <testcase name="TC_TestCaseName" time="39.088" classname="com.Airpay.Tests.TC_041_Verify_Dropdown_List"/>
</testsuite> <!-- TC_041_Verify_Dropdown_List -->
