<?xml version="1.0" encoding="UTF-8"?>
<!-- Generated by org.testng.reporters.JUnitXMLReporter -->
<testsuite hostname="Parmeshwar-QA" name="TC_002_MA_Panel_Save_Card_EnableDisable_ForDebitCard" tests="2" failures="0" timestamp="5 Sep 2018 05:46:01 GMT" time="97.658" errors="0">
  <testcase name="setup" time="0.001" classname="com.Airpay.Tests.TC_MA_Panel_Save_Card_EnableDisable_CheckBox"/>
  <testcase name="TC_TestCaseName" time="87.892" classname="com.Airpay.Tests.TC_MA_Panel_Save_Card_EnableDisable_CheckBox"/>
</testsuite> <!-- TC_002_MA_Panel_Save_Card_EnableDisable_ForDebitCard -->
