<?xml version="1.0" encoding="UTF-8"?>
<!-- Generated by org.testng.reporters.JUnitXMLReporter -->
<testsuite hostname="Parmeshwar-QA" name="TC_001_MA_Panel_Save_Card_EnableDisable_ForCreditCard" tests="2" failures="0" timestamp="5 Sep 2018 05:40:22 GMT" time="158.614" errors="0">
  <testcase name="setup" time="0.007" classname="com.Airpay.Tests.TC_MA_Panel_Save_Card_EnableDisable_CheckBox"/>
  <testcase name="TC_TestCaseName" time="145.284" classname="com.Airpay.Tests.TC_MA_Panel_Save_Card_EnableDisable_CheckBox"/>
</testsuite> <!-- TC_001_MA_Panel_Save_Card_EnableDisable_ForCreditCard -->
