<?xml version="1.0" encoding="UTF-8"?>
<!-- Generated by org.testng.reporters.JUnitXMLReporter -->
<testsuite hostname="Parmeshwar-QA" name="TC_043_Verify_MCC_multiple_choice_dropdown" tests="2" failures="0" timestamp="11 Oct 2018 06:45:40 GMT" time="46.036" errors="0">
  <testcase name="setup" time="0.0" classname="com.Airpay.Tests.TC_043_Verify_MCC_multiple_choice_dropdown"/>
  <testcase name="TC_TestCaseName" time="37.101" classname="com.Airpay.Tests.TC_043_Verify_MCC_multiple_choice_dropdown"/>
</testsuite> <!-- TC_043_Verify_MCC_multiple_choice_dropdown -->
