<?xml version="1.0" encoding="UTF-8"?>
<!-- Generated by org.testng.reporters.JUnitXMLReporter -->
<testsuite hostname="Parmeshwar-QA" name="TC_001_MA_Panel_Save_Card_EnableDisable_ForCreditCard" tests="2" failures="0" timestamp="28 Sep 2018 05:56:41 GMT" time="189.438" errors="0">
  <testcase name="setup" time="0.0" classname="com.Airpay.Tests.TC_MA_Panel_Save_Card_EnableDisable_CheckBox"/>
  <testcase name="TC_TestCaseName" time="178.575" classname="com.Airpay.Tests.TC_MA_Panel_Save_Card_EnableDisable_CheckBox"/>
</testsuite> <!-- TC_001_MA_Panel_Save_Card_EnableDisable_ForCreditCard -->
