<?xml version="1.0" encoding="UTF-8"?>
<!-- Generated by org.testng.reporters.JUnitXMLReporter -->
<testsuite hostname="Parmeshwar-QA" name="TC_ID_Verify_Express_Payments_Save_Cards" tests="2" failures="0" timestamp="12 Dec 2018 05:05:12 GMT" time="29.339" errors="0">
  <testcase name="setup" time="0.004" classname="com.Airpay.Tests.TC_ID_Verify_American_Express_Save_Cards"/>
  <testcase name="TC_TestCaseName" time="17.046" classname="com.Airpay.Tests.TC_ID_Verify_American_Express_Save_Cards"/>
</testsuite> <!-- TC_ID_Verify_Express_Payments_Save_Cards -->
