<?xml version="1.0" encoding="UTF-8"?>
<!-- Generated by org.testng.reporters.JUnitXMLReporter -->
<testsuite hostname="Parmeshwar-QA" name="TC_ID_020_verify_Merchant_Name_same as Global Surcharge Name Error" tests="2" failures="0" timestamp="11 Oct 2018 06:43:18 GMT" time="113.515" errors="0">
  <testcase name="setup" time="0.003" classname="com.Airpay.Tests.TC_ID_020_Verify_can_user_create_new_rules_on_Global_level_which_is_same_as_merchant_level"/>
  <testcase name="TC_TestCaseName" time="103.488" classname="com.Airpay.Tests.TC_ID_020_Verify_can_user_create_new_rules_on_Global_level_which_is_same_as_merchant_level"/>
</testsuite> <!-- TC_ID_020_verify_Merchant_Name_same as Global Surcharge Name Error -->
