<?xml version="1.0" encoding="UTF-8"?>
<!-- Generated by org.testng.reporters.JUnitXMLReporter -->
<testsuite hostname="Parmeshwar-QA" name="TC_ID_029_Verify_response_if_we_put_invalid_data_convenience_Fee_amount" tests="2" failures="0" timestamp="11 Oct 2018 06:44:06 GMT" time="47.922" errors="0">
  <testcase name="setup" time="0.0" classname="com.Airpay.Tests.TC_ID_029_Verify_response_if_we_put_invalid_data_convenience_Fee_amount"/>
  <testcase name="TC_TestCaseName" time="38.97" classname="com.Airpay.Tests.TC_ID_029_Verify_response_if_we_put_invalid_data_convenience_Fee_amount"/>
</testsuite> <!-- TC_ID_029_Verify_response_if_we_put_invalid_data_convenience_Fee_amount -->
