<?xml version="1.0" encoding="UTF-8"?>
<!-- Generated by org.testng.reporters.JUnitXMLReporter -->
<testsuite hostname="Parmeshwar-QA" name="TC_MA_Panel_UPI_BankDetails_Inactive" tests="2" failures="0" timestamp="20 Sep 2018 08:11:17 GMT" time="154.725" errors="0">
  <testcase name="setup" time="0.003" classname="com.Airpay.Tests.TC_MA_Panel_Cash_BankDetails_Inactive"/>
  <testcase name="TC_TestCaseName" time="145.231" classname="com.Airpay.Tests.TC_MA_Panel_Cash_BankDetails_Inactive"/>
</testsuite> <!-- TC_MA_Panel_UPI_BankDetails_Inactive -->
