<?xml version="1.0" encoding="UTF-8"?>
<!-- Generated by org.testng.reporters.JUnitXMLReporter -->
<testsuite hostname="Parmeshwar-QA" name="TC_MA_To_verify_Rupay_card_txn_through_Kotak_pg_CreditCard" tests="2" failures="0" timestamp="3 Dec 2018 10:28:28 GMT" time="544.085" errors="0">
  <testcase name="setup" time="0.0" classname="com.Airpay.Tests.TC_MA_To_verify_Rupay_card_txn_through_Kotak_pg"/>
  <testcase name="TC_TestCaseName" time="533.151" classname="com.Airpay.Tests.TC_MA_To_verify_Rupay_card_txn_through_Kotak_pg"/>
</testsuite> <!-- TC_MA_To_verify_Rupay_card_txn_through_Kotak_pg_CreditCard -->
