<?xml version="1.0" encoding="UTF-8"?>
<!-- Generated by org.testng.reporters.JUnitXMLReporter -->
<testsuite hostname="Parmeshwar-QA" name="TC_MA_Panel_NetBanking_URL_Details_Inactive" tests="2" failures="0" timestamp="11 Sep 2018 07:57:12 GMT" time="163.611" errors="0">
  <testcase name="setup" time="0.0" classname="com.Airpay.Tests.TC_MA_Panel_NetBanking_URL_Details_Inactive"/>
  <testcase name="TC_TestCaseName" time="152.594" classname="com.Airpay.Tests.TC_MA_Panel_NetBanking_URL_Details_Inactive"/>
</testsuite> <!-- TC_MA_Panel_NetBanking_URL_Details_Inactive -->
