<?xml version="1.0" encoding="UTF-8"?>
<!-- Generated by org.testng.reporters.JUnitXMLReporter -->
<testsuite hostname="Parmeshwar-QA" name="TC_MA_Panel_NetBanking_Merchant_URLDetails_MinAndMax_Range_val" tests="2" failures="0" timestamp="12 Sep 2018 10:15:46 GMT" time="180.606" errors="0">
  <testcase name="setup" time="0.003" classname="com.Airpay.Tests.TC_MA_Panel_NetBanking_URLDetails_MinAndMax_Range_val"/>
  <testcase name="TC_TestCaseName" time="168.981" classname="com.Airpay.Tests.TC_MA_Panel_NetBanking_URLDetails_MinAndMax_Range_val"/>
</testsuite> <!-- TC_MA_Panel_NetBanking_Merchant_URLDetails_MinAndMax_Range_val -->
