<?xml version="1.0" encoding="UTF-8"?>
<!-- Generated by org.testng.reporters.JUnitXMLReporter -->
<testsuite hostname="Parmeshwar-QA" name="TC_MA_Panel_UPI_URLDetails_Inactive" tests="2" failures="0" timestamp="20 Sep 2018 08:16:21 GMT" time="148.777" errors="0">
  <testcase name="setup" time="0.0" classname="com.Airpay.Tests.TC_MA_Panel_Cash_URLDetails_Inactive"/>
  <testcase name="TC_TestCaseName" time="137.764" classname="com.Airpay.Tests.TC_MA_Panel_Cash_URLDetails_Inactive"/>
</testsuite> <!-- TC_MA_Panel_UPI_URLDetails_Inactive -->
