<?xml version="1.0" encoding="UTF-8"?>
<!-- Generated by org.testng.reporters.JUnitXMLReporter -->
<testsuite hostname="Parmeshwar-QA" name="TC_MA_Panel_RTGS_NEFT_URLkDetails_Active" tests="2" failures="0" timestamp="19 Sep 2018 11:25:52 GMT" time="167.627" errors="0">
  <testcase name="setup" time="0.0" classname="com.Airpay.Tests.TC_MA_Panel_Cash_URLkDetails_Active"/>
  <testcase name="TC_TestCaseName" time="156.668" classname="com.Airpay.Tests.TC_MA_Panel_Cash_URLkDetails_Active"/>
</testsuite> <!-- TC_MA_Panel_RTGS_NEFT_URLkDetails_Active -->
