<?xml version="1.0" encoding="UTF-8"?>
<!-- Generated by org.testng.reporters.JUnitXMLReporter -->
<testsuite hostname="Parmeshwar-QA" name="TC_MA_Panel_NetBanking_BankDetails_Inactive" tests="2" failures="0" timestamp="11 Sep 2018 07:51:51 GMT" time="166.899" errors="0">
  <testcase name="setup" time="0.003" classname="com.Airpay.Tests.TC_MA_Panel_NetBanking_BankDetails_Inactive"/>
  <testcase name="TC_TestCaseName" time="155.219" classname="com.Airpay.Tests.TC_MA_Panel_NetBanking_BankDetails_Inactive"/>
</testsuite> <!-- TC_MA_Panel_NetBanking_BankDetails_Inactive -->
