<?xml version="1.0" encoding="UTF-8"?>
<!-- Generated by org.testng.reporters.JUnitXMLReporter -->
<testsuite hostname="Parmeshwar-QA" name="TC_MA_Panel_Cash_Merchant_URLDetails_MinAndMax_Range_val" tests="2" failures="0" timestamp="17 Sep 2018 07:56:18 GMT" time="185.062" errors="0">
  <testcase name="setup" time="0.0" classname="com.Airpay.Tests.TC_MA_Panel_Cash_Merchant_URLDetails_MinAndMax_Range_val"/>
  <testcase name="TC_TestCaseName" time="174.079" classname="com.Airpay.Tests.TC_MA_Panel_Cash_Merchant_URLDetails_MinAndMax_Range_val"/>
</testsuite> <!-- TC_MA_Panel_Cash_Merchant_URLDetails_MinAndMax_Range_val -->
