<?xml version="1.0" encoding="UTF-8"?>
<!-- Generated by org.testng.reporters.JUnitXMLReporter -->
<testsuite hostname="Parmeshwar-QA" name="TC_MA_panel_RTGS_NEFT_Successfull_Transaction_With_MATransactionDetails" tests="2" failures="0" timestamp="28 Sep 2018 07:26:06 GMT" time="232.459" errors="0">
  <testcase name="setup" time="0.0" classname="com.Airpay.Tests.TC_MA_panel_RTGS_NEFT_Successfull_Transaction_With_MATransactionDetails"/>
  <testcase name="TC_TestCaseName" time="223.845" classname="com.Airpay.Tests.TC_MA_panel_RTGS_NEFT_Successfull_Transaction_With_MATransactionDetails"/>
</testsuite> <!-- TC_MA_panel_RTGS_NEFT_Successfull_Transaction_With_MATransactionDetails -->
