<?xml version="1.0" encoding="UTF-8"?>
<!-- Generated by org.testng.reporters.JUnitXMLReporter -->
<testsuite hostname="Parmeshwar-QA" name="TC_MA_Panel_Select_Merchant" tests="2" failures="0" timestamp="28 Sep 2018 05:46:05 GMT" time="91.717" errors="0">
  <testcase name="setup" time="0.0" classname="com.Airpay.Tests.TC_MA_Panel_Select_Merchant"/>
  <testcase name="TC_TestCaseName" time="82.058" classname="com.Airpay.Tests.TC_MA_Panel_Select_Merchant"/>
</testsuite> <!-- TC_MA_Panel_Select_Merchant -->
