<?xml version="1.0" encoding="UTF-8"?>
<!-- Generated by org.testng.reporters.JUnitXMLReporter -->
<testsuite hostname="Parmeshwar-QA" name="TC_PP_NetBanking_Banking_popular_bank_verification" tests="2" failures="0" timestamp="19 Dec 2018 06:48:57 GMT" time="41.622" errors="0">
  <testcase name="setup" time="0.003" classname="com.Airpay.Tests.TC_PP_NetBanking_Banking_popular_bank_verification"/>
  <testcase name="TC_TestCaseName" time="29.407" classname="com.Airpay.Tests.TC_PP_NetBanking_Banking_popular_bank_verification"/>
</testsuite> <!-- TC_PP_NetBanking_Banking_popular_bank_verification -->
