<?xml version="1.0" encoding="UTF-8"?>
<!-- Generated by org.testng.reporters.JUnitXMLReporter -->
<testsuite hostname="Parmeshwar-QA" name="TC_PP_UPIAddress_Empty_Transaction_ErrorMessage" tests="2" failures="0" timestamp="27 Sep 2018 09:59:54 GMT" time="19.179" errors="0">
  <testcase name="setup" time="0.0" classname="com.Airpay.Tests.TC_PP_UPI_SuccessTransaction_ErrorMessage"/>
  <testcase name="TC_TestCaseName" time="10.51" classname="com.Airpay.Tests.TC_PP_UPI_SuccessTransaction_ErrorMessage"/>
</testsuite> <!-- TC_PP_UPIAddress_Empty_Transaction_ErrorMessage -->
