<?xml version="1.0" encoding="UTF-8"?>
<!-- Generated by org.testng.reporters.JUnitXMLReporter -->
<testsuite hostname="Parmeshwar-QA" name="TC_PP_EMI_Bank_Type_Verification" tests="2" failures="0" timestamp="24 Jan 2019 04:17:01 GMT" time="43.497" errors="0">
  <testcase name="setup" time="0.0" classname="com.Airpay.Tests.TC_PP_EMI_Invalid_Credit_Card_Number_errMsg"/>
  <testcase name="TC_TestCaseName" time="34.748" classname="com.Airpay.Tests.TC_PP_EMI_Invalid_Credit_Card_Number_errMsg"/>
</testsuite> <!-- TC_PP_EMI_Bank_Type_Verification -->
