<?xml version="1.0" encoding="UTF-8"?>
<!-- Generated by org.testng.reporters.JUnitXMLReporter -->
<testsuite hostname="Parmeshwar-QA" name="TC_PP_RTGS_And_NEFT_SuccessTransaction_ErrorMessage" tests="2" failures="0" timestamp="23 Jan 2019 12:45:32 GMT" time="21.427" errors="0">
  <testcase name="setup" time="0.0" classname="com.Airpay.Tests.TC_PP_RTGS_And_NEFT_SuccessTransaction_ErrorMessage"/>
  <testcase name="TC_TestCaseName" time="12.71" classname="com.Airpay.Tests.TC_PP_RTGS_And_NEFT_SuccessTransaction_ErrorMessage"/>
</testsuite> <!-- TC_PP_RTGS_And_NEFT_SuccessTransaction_ErrorMessage -->
