<?xml version="1.0" encoding="UTF-8"?>
<!-- Generated by org.testng.reporters.JUnitXMLReporter -->
<testsuite hostname="Parmeshwar-QA" name="TC_PP_Invalid_UPI_Address" tests="2" failures="0" timestamp="22 Aug 2018 05:00:28 GMT" time="52.855" errors="0">
  <testcase name="setup" time="0.003" classname="com.Airpay.Tests.TC_PP_Invalid_UPI_Address_ErrMsg"/>
  <testcase name="TC_TestCaseName" time="40.885" classname="com.Airpay.Tests.TC_PP_Invalid_UPI_Address_ErrMsg"/>
</testsuite> <!-- TC_PP_Invalid_UPI_Address -->
