<?xml version="1.0" encoding="UTF-8"?>
<!-- Generated by org.testng.reporters.JUnitXMLReporter -->
<testsuite hostname="Parmeshwar-QA" name="TC_PP_NetBanking_Banking_popular_bank_verification" tests="2" failures="0" timestamp="17 Aug 2018 12:09:47 GMT" time="23.742" errors="0">
  <testcase name="setup" time="0.0" classname="com.Airpay.Tests.TC_PP_NetBanking_Banking_popular_bank_verification"/>
  <testcase name="TC_TestCaseName" time="12.818" classname="com.Airpay.Tests.TC_PP_NetBanking_Banking_popular_bank_verification"/>
</testsuite> <!-- TC_PP_NetBanking_Banking_popular_bank_verification -->
