<?xml version="1.0" encoding="UTF-8"?>
<!-- Generated by org.testng.reporters.JUnitXMLReporter -->
<testsuite hostname="Parmeshwar-QA" name="TC_PP_Moto_Transaction_Credit_Card_Failed_Transaction" tests="2" failures="0" timestamp="1 Oct 2018 10:21:17 GMT" time="32.44" errors="0">
  <testcase name="setup" time="0.006" classname="com.Airpay.Tests.TC_PP_Moto_Transaction_Credit_Card_Failed_Transaction"/>
  <testcase name="TC_TestCaseName" time="21.092" classname="com.Airpay.Tests.TC_PP_Moto_Transaction_Credit_Card_Failed_Transaction"/>
</testsuite> <!-- TC_PP_Moto_Transaction_Credit_Card_Failed_Transaction -->
