<?xml version="1.0" encoding="UTF-8"?>
<!-- Generated by org.testng.reporters.JUnitXMLReporter -->
<testsuite hostname="Parmeshwar-QA" name="TC_PP_Debit_Card_logo_Appearance" tests="2" failures="0" timestamp="27 Sep 2018 07:26:22 GMT" time="26.284" errors="0">
  <testcase name="setup" time="0.0" classname="com.Airpay.Tests.TC_PP_Debit_Card_logo_Appearance"/>
  <testcase name="TC_TestCaseName" time="15.315" classname="com.Airpay.Tests.TC_PP_Debit_Card_logo_Appearance"/>
</testsuite> <!-- TC_PP_Debit_Card_logo_Appearance -->
