<?xml version="1.0" encoding="UTF-8"?>
<!-- Generated by org.testng.reporters.JUnitXMLReporter -->
<testsuite hostname="Parmeshwar-QA" name="TC_PP_09_Verify_Credit_Card_Red_line_Errors" tests="2" failures="0" timestamp="23 Jan 2019 12:15:48 GMT" time="25.828" errors="0">
  <testcase name="setup" time="0.0" classname="com.Airpay.Tests.TC_PP_09_Credit_Card"/>
  <testcase name="TC_TestCaseName" time="17.187" classname="com.Airpay.Tests.TC_PP_09_Credit_Card"/>
</testsuite> <!-- TC_PP_09_Verify_Credit_Card_Red_line_Errors -->
