<?xml version="1.0" encoding="UTF-8"?>
<!-- Generated by org.testng.reporters.JUnitXMLReporter -->
<testsuite hostname="Parmeshwar-QA" name="TC_PP_EMI_Selecting_Bank_verifying" tests="2" failures="0" timestamp="24 Jan 2019 04:18:18 GMT" time="23.745" errors="0">
  <testcase name="setup" time="0.0" classname="com.Airpay.Tests.TC_PP_EMI_Blank_Value_RedLine_Error_notification"/>
  <testcase name="TC_TestCaseName" time="14.946" classname="com.Airpay.Tests.TC_PP_EMI_Blank_Value_RedLine_Error_notification"/>
</testsuite> <!-- TC_PP_EMI_Selecting_Bank_verifying -->
