<?xml version="1.0" encoding="UTF-8"?>
<!-- Generated by org.testng.reporters.JUnitXMLReporter -->
<testsuite hostname="Parmeshwar-QA" name="TC_PP_Wallet_user_can_see_the_Email_ID_Mobile_number_fields_after_selecting_Submit_tab" tests="2" failures="0" timestamp="3 Dec 2018 11:52:15 GMT" time="132.551" errors="0">
  <testcase name="setup" time="0.0" classname="com.Airpay.Tests.TC_PP_Wallet_user_can_see_the_Email_ID_Mobile_number_fields_after_selecting_Submit_tab"/>
  <testcase name="TC_TestCaseName" time="123.639" classname="com.Airpay.Tests.TC_PP_Wallet_user_can_see_the_Email_ID_Mobile_number_fields_after_selecting_Submit_tab"/>
</testsuite> <!-- TC_PP_Wallet_user_can_see_the_Email_ID_Mobile_number_fields_after_selecting_Submit_tab -->
