<?xml version="1.0" encoding="UTF-8"?>
<!-- Generated by org.testng.reporters.JUnitXMLReporter -->
<testsuite hostname="Parmeshwar-QA" name="TC_PP_01_Verify_when_user_does_not_Pass_Amount" tests="2" failures="0" timestamp="23 Jan 2019 12:13:23 GMT" time="15.286" errors="0">
  <testcase name="setup" time="0.003" classname="com.Airpay.Tests.TC_PP_01"/>
  <testcase name="TC_TestCaseName" time="5.919" classname="com.Airpay.Tests.TC_PP_01"/>
</testsuite> <!-- TC_PP_01_Verify_when_user_does_not_Pass_Amount -->
