<?xml version="1.0" encoding="UTF-8"?>
<!-- Generated by org.testng.reporters.JUnitXMLReporter -->
<testsuite hostname="Parmeshwar-QA" name="TC_PP_17_Credit_Card_MestroCard" tests="2" failures="0" timestamp="14 Nov 2018 08:25:46 GMT" time="44.034" errors="0">
  <testcase name="setup" time="0.0" classname="com.Airpay.Tests.TC_PP_17_Credit_Card_Inline_kit"/>
  <testcase name="TC_TestCaseName" time="35.187" classname="com.Airpay.Tests.TC_PP_17_Credit_Card_Inline_kit"/>
</testsuite> <!-- TC_PP_17_Credit_Card_MestroCard -->
