<?xml version="1.0" encoding="UTF-8"?>
<!-- Generated by org.testng.reporters.JUnitXMLReporter -->
<testsuite hostname="Parmeshwar-QA" name="TC_PP_Wallet_Red_Line_Error" tests="2" failures="0" timestamp="3 Dec 2018 11:27:45 GMT" time="21.118" errors="0">
  <testcase name="setup" time="0.0" classname="com.Airpay.Tests.TC_PP_Wallet_Red_Line_Error"/>
  <testcase name="TC_TestCaseName" time="10.242" classname="com.Airpay.Tests.TC_PP_Wallet_Red_Line_Error"/>
</testsuite> <!-- TC_PP_Wallet_Red_Line_Error -->
