<?xml version="1.0" encoding="UTF-8"?>
<!-- Generated by org.testng.reporters.JUnitXMLReporter -->
<testsuite hostname="Parmeshwar-QA" name="TC_PP_Tez_Session_Cancel_Popup_ErrorMessage" tests="2" failures="0" timestamp="3 Oct 2018 09:33:18 GMT" time="47.31" errors="0">
  <testcase name="setup" time="0.0" classname="com.Airpay.Tests.TC_PP_Tez_Session_Cancel_Popup_ErrorMessage"/>
  <testcase name="TC_TestCaseName" time="36.254" classname="com.Airpay.Tests.TC_PP_Tez_Session_Cancel_Popup_ErrorMessage"/>
</testsuite> <!-- TC_PP_Tez_Session_Cancel_Popup_ErrorMessage -->
