<?xml version="1.0" encoding="UTF-8"?>
<!-- Generated by org.testng.reporters.JUnitXMLReporter -->
<testsuite hostname="Parmeshwar-QA" name="TC_PP_NetBanking_Bank_page_validations" tests="2" failures="0" timestamp="17 Aug 2018 11:57:34 GMT" time="1004.411" errors="0">
  <testcase name="setup" time="0.001" classname="com.Airpay.Tests.TC_PP_NetBanking_Bank_page_validations"/>
  <testcase name="TC_TestCaseName" time="993.49" classname="com.Airpay.Tests.TC_PP_NetBanking_Bank_page_validations"/>
</testsuite> <!-- TC_PP_NetBanking_Bank_page_validations -->
