<?xml version="1.0" encoding="UTF-8"?>
<!-- Generated by org.testng.reporters.JUnitXMLReporter -->
<testsuite hostname="Parmeshwar-QA" name="TC_PP_Wallet_Banking_popular_wallet_verifying" tests="2" failures="0" timestamp="27 Sep 2018 09:49:39 GMT" time="17.564" errors="0">
  <testcase name="setup" time="0.0" classname="com.Airpay.Tests.TC_PP_Wallet_Banking_popular_wallet_verifying"/>
  <testcase name="TC_TestCaseName" time="10.349" classname="com.Airpay.Tests.TC_PP_Wallet_Banking_popular_wallet_verifying"/>
</testsuite> <!-- TC_PP_Wallet_Banking_popular_wallet_verifying -->
