<?xml version="1.0" encoding="UTF-8"?>
<!-- Generated by org.testng.reporters.JUnitXMLReporter -->
<testsuite hostname="Parmeshwar-QA" name="TC_PP_Invalid_UPI_Address_NewDesign" tests="2" failures="0" timestamp="23 Jan 2019 13:13:29 GMT" time="37.119" errors="0">
  <testcase name="setup" time="0.0" classname="com.Airpay.Tests.TC_PP_Invalid_UPI_Address_NewDesign"/>
  <testcase name="TC_TestCaseName" time="28.372" classname="com.Airpay.Tests.TC_PP_Invalid_UPI_Address_NewDesign"/>
</testsuite> <!-- TC_PP_Invalid_UPI_Address_NewDesign -->
