<?xml version="1.0" encoding="UTF-8"?>
<!-- Generated by org.testng.reporters.JUnitXMLReporter -->
<testsuite hostname="Parmeshwar-QA" name="TC_PP_03_Verify_when_user_does_not_Pass_Mandatory_Invalid_FirstName" tests="2" failures="0" timestamp="23 Jan 2019 12:13:53 GMT" time="15.17" errors="0">
  <testcase name="setup" time="0.0" classname="com.Airpay.Tests.TC_PP_01"/>
  <testcase name="TC_TestCaseName" time="6.507" classname="com.Airpay.Tests.TC_PP_01"/>
</testsuite> <!-- TC_PP_03_Verify_when_user_does_not_Pass_Mandatory_Invalid_FirstName -->
