<?xml version="1.0" encoding="UTF-8"?>
<!-- Generated by org.testng.reporters.JUnitXMLReporter -->
<testsuite hostname="Parmeshwar-QA" name="TC_PP_InvalidTez_UPI_Address" tests="2" failures="0" timestamp="27 Sep 2018 10:38:38 GMT" time="63.709" errors="0">
  <testcase name="setup" time="0.001" classname="com.Airpay.Tests.TC_PP_InvalidTez_UPI_Address_ErrMsg"/>
  <testcase name="TC_TestCaseName" time="54.883" classname="com.Airpay.Tests.TC_PP_InvalidTez_UPI_Address_ErrMsg"/>
</testsuite> <!-- TC_PP_InvalidTez_UPI_Address -->
