<?xml version="1.0" encoding="UTF-8"?>
<!-- Generated by org.testng.reporters.JUnitXMLReporter -->
<testsuite hostname="Parmeshwar-QA" name="TC_PP_TezAddress_Empty_field_ErrorRedLines" tests="2" failures="0" timestamp="29 Aug 2018 04:59:27 GMT" time="25.012" errors="0">
  <testcase name="setup" time="0.004" classname="com.Airpay.Tests.TC_PP_TezAddress_Empty_field_ErrorRedLines"/>
  <testcase name="TC_TestCaseName" time="12.873" classname="com.Airpay.Tests.TC_PP_TezAddress_Empty_field_ErrorRedLines"/>
</testsuite> <!-- TC_PP_TezAddress_Empty_field_ErrorRedLines -->
