<?xml version="1.0" encoding="UTF-8"?>
<!-- Generated by org.testng.reporters.JUnitXMLReporter -->
<testsuite hostname="Parmeshwar-QA" name="TC_PP_EMI_Card_logo_Appearance" tests="2" failures="0" timestamp="3 Dec 2018 11:27:24 GMT" time="45.512" errors="0">
  <testcase name="setup" time="0.0" classname="com.Airpay.Tests.TC_PP_EMI_Card_logo_Appearance"/>
  <testcase name="TC_TestCaseName" time="34.543" classname="com.Airpay.Tests.TC_PP_EMI_Card_logo_Appearance"/>
</testsuite> <!-- TC_PP_EMI_Card_logo_Appearance -->
