<?xml version="1.0" encoding="UTF-8"?>
<!-- Generated by org.testng.reporters.JUnitXMLReporter -->
<testsuite hostname="Parmeshwar-QA" name="TC_PP_NetBanking_Reselect_Bank_from_previous_selected_popular_bank" tests="2" failures="0" timestamp="23 Jan 2019 13:08:19 GMT" time="26.221" errors="0">
  <testcase name="setup" time="0.0" classname="com.Airpay.Tests.TC_PP_NetBanking_Previous_Selected_PopularBank"/>
  <testcase name="TC_TestCaseName" time="17.448" classname="com.Airpay.Tests.TC_PP_NetBanking_Previous_Selected_PopularBank"/>
</testsuite> <!-- TC_PP_NetBanking_Reselect_Bank_from_previous_selected_popular_bank -->
