<?xml version="1.0" encoding="UTF-8"?>
<!-- Generated by org.testng.reporters.JUnitXMLReporter -->
<testsuite hostname="Parmeshwar-QA" name="TC_PP_UPI_Transaction_Decline_ErrorMessage_NewDesign" tests="2" failures="0" timestamp="23 Jan 2019 13:21:16 GMT" time="392.473" errors="0">
  <testcase name="setup" time="0.0" classname="com.Airpay.Tests.TC_PP_valid_UPI_Transaction_Decline_ErrorMsg"/>
  <testcase name="TC_TestCaseName" time="383.424" classname="com.Airpay.Tests.TC_PP_valid_UPI_Transaction_Decline_ErrorMsg"/>
</testsuite> <!-- TC_PP_UPI_Transaction_Decline_ErrorMessage_NewDesign -->
