<?xml version="1.0" encoding="UTF-8"?>
<!-- Generated by org.testng.reporters.JUnitXMLReporter -->
<testsuite hostname="Parmeshwar-QA" name="TC_PP_Virtual_Account_Success_transaction_testcase" tests="2" failures="0" timestamp="24 Jan 2019 04:23:26 GMT" time="123.733" errors="0">
  <testcase name="setup" time="0.0" classname="com.Airpay.Tests.TC_PP_Virtual_Account_Success_transaction_testcase"/>
  <testcase name="TC_TestCaseName" time="114.952" classname="com.Airpay.Tests.TC_PP_Virtual_Account_Success_transaction_testcase"/>
</testsuite> <!-- TC_PP_Virtual_Account_Success_transaction_testcase -->
