<?xml version="1.0" encoding="UTF-8"?>
<!-- Generated by org.testng.reporters.JUnitXMLReporter -->
<testsuite hostname="Parmeshwar-QA" name="TC_PP_07_Verify_Footer_Message_with_cancel_link" tests="2" failures="0" timestamp="23 Jan 2019 12:15:05 GMT" time="18.01" errors="0">
  <testcase name="setup" time="0.0" classname="com.Airpay.Tests.TC_PP_07"/>
  <testcase name="TC_TestCaseName" time="9.28" classname="com.Airpay.Tests.TC_PP_07"/>
</testsuite> <!-- TC_PP_07_Verify_Footer_Message_with_cancel_link -->
