<?xml version="1.0" encoding="UTF-8"?>
<!-- Generated by org.testng.reporters.JUnitXMLReporter -->
<testsuite hostname="Parmeshwar-QA" name="TC_PP_Tez_UPI_Success_Transaction" tests="2" failures="0" timestamp="27 Sep 2018 10:49:01 GMT" time="113.079" errors="0">
  <testcase name="setup" time="0.0" classname="com.Airpay.Tests.TC_PP_Tez_UPI_Success_Transaction"/>
  <testcase name="TC_TestCaseName" time="102.282" classname="com.Airpay.Tests.TC_PP_Tez_UPI_Success_Transaction"/>
</testsuite> <!-- TC_PP_Tez_UPI_Success_Transaction -->
