<?xml version="1.0" encoding="UTF-8"?>
<!-- Generated by org.testng.reporters.JUnitXMLReporter -->
<testsuite hostname="Parmeshwar-QA" name="TC_PP_UPI_Session_TimeOut_ErrorMessage" tests="2" failures="0" timestamp="3 Dec 2018 11:59:08 GMT" time="212.942" errors="0">
  <testcase name="setup" time="0.0" classname="com.Airpay.Tests.TC_PP_valid_UPI_SessionTimeOut_ErrMsg"/>
  <testcase name="TC_TestCaseName" time="202.013" classname="com.Airpay.Tests.TC_PP_valid_UPI_SessionTimeOut_ErrMsg"/>
</testsuite> <!-- TC_PP_UPI_Session_TimeOut_ErrorMessage -->
