<?xml version="1.0" encoding="UTF-8"?>
<!-- Generated by org.testng.reporters.JUnitXMLReporter -->
<testsuite hostname="Parmeshwar-QA" name="TC_PP_EMI_Verify_ErrMsg_for_Invalid_Bank_selection" tests="2" failures="0" timestamp="24 Aug 2018 04:12:54 GMT" time="30.066" errors="0">
  <testcase name="setup" time="0.004" classname="com.Airpay.Tests.TC_PP_EMI_Verify_ErrMsg_for_Invalid_Bank_selection"/>
  <testcase name="TC_TestCaseName" time="18.133" classname="com.Airpay.Tests.TC_PP_EMI_Verify_ErrMsg_for_Invalid_Bank_selection"/>
</testsuite> <!-- TC_PP_EMI_Verify_ErrMsg_for_Invalid_Bank_selection -->
