<?xml version="1.0" encoding="UTF-8"?>
<!-- Generated by org.testng.reporters.JUnitXMLReporter -->
<testsuite hostname="Parmeshwar-QA" name="TC_PP_Credit_Card_logo_Appearance" tests="2" failures="0" timestamp="23 Jan 2019 12:45:56 GMT" time="23.061" errors="0">
  <testcase name="setup" time="0.001" classname="com.Airpay.Tests.TC_PP_Credit_Card_logo_Appearance"/>
  <testcase name="TC_TestCaseName" time="14.31" classname="com.Airpay.Tests.TC_PP_Credit_Card_logo_Appearance"/>
</testsuite> <!-- TC_PP_Credit_Card_logo_Appearance -->
