<?xml version="1.0" encoding="UTF-8"?>
<!-- Generated by org.testng.reporters.JUnitXMLReporter -->
<testsuite hostname="Parmeshwar-QA" name="TC_PP_AmexeZeClick_Testcase" tests="2" failures="0" timestamp="1 Oct 2018 10:48:31 GMT" time="33.941" errors="0">
  <testcase name="setup" time="0.003" classname="com.Airpay.Tests.TC_PP_AmexeZeClick_Testcase"/>
  <testcase name="TC_TestCaseName" time="24.538" classname="com.Airpay.Tests.TC_PP_AmexeZeClick_Testcase"/>
</testsuite> <!-- TC_PP_AmexeZeClick_Testcase -->
