<?xml version="1.0" encoding="UTF-8"?>
<!-- Generated by org.testng.reporters.JUnitXMLReporter -->
<testsuite hostname="Parmeshwar-QA" name="TC_PP_15_Credit_Card_Cancel_Transaction_from_bankPage" tests="2" failures="0" timestamp="23 Jan 2019 12:22:23 GMT" time="164.474" errors="0">
  <testcase name="setup" time="0.0" classname="com.Airpay.Tests.TC_PP_15_Credit_Card"/>
  <testcase name="TC_TestCaseName" time="153.536" classname="com.Airpay.Tests.TC_PP_15_Credit_Card"/>
</testsuite> <!-- TC_PP_15_Credit_Card_Cancel_Transaction_from_bankPage -->
