<?xml version="1.0" encoding="UTF-8"?>
<!-- Generated by org.testng.reporters.JUnitXMLReporter -->
<testsuite hostname="Parmeshwar-QA" name="TC_PP_06_Verify_OrderID_and_Trnasaction_Aamount" tests="2" failures="0" timestamp="23 Jan 2019 12:14:47 GMT" time="16.74" errors="0">
  <testcase name="setup" time="0.0" classname="com.Airpay.Tests.TC_PP_06"/>
  <testcase name="TC_TestCaseName" time="7.977" classname="com.Airpay.Tests.TC_PP_06"/>
</testsuite> <!-- TC_PP_06_Verify_OrderID_and_Trnasaction_Aamount -->
