<?xml version="1.0" encoding="UTF-8"?>
<!-- Generated by org.testng.reporters.JUnitXMLReporter -->
<testsuite hostname="Parmeshwar-QA" name="TC_PP_UPI_Session_Cancel_Popup_ErrorMessage_NewDesign" tests="2" failures="0" timestamp="23 Jan 2019 13:14:44 GMT" time="37.235" errors="0">
  <testcase name="setup" time="0.0" classname="com.Airpay.Tests.TC_PP_valid_UPI_Session_Cancel_popup_ErrMsg"/>
  <testcase name="TC_TestCaseName" time="28.544" classname="com.Airpay.Tests.TC_PP_valid_UPI_Session_Cancel_popup_ErrMsg"/>
</testsuite> <!-- TC_PP_UPI_Session_Cancel_Popup_ErrorMessage_NewDesign -->
