<?xml version="1.0" encoding="UTF-8"?>
<!-- Generated by org.testng.reporters.JUnitXMLReporter -->
<testsuite hostname="Parmeshwar-QA" name="TC_PP_NetBanking_Selecting_All_Banks" tests="2" failures="0" timestamp="19 Dec 2018 06:50:51 GMT" time="71.994" errors="0">
  <testcase name="setup" time="0.001" classname="com.Airpay.Tests.TC_PP_NetBanking_All_Bank_Name_Access"/>
  <testcase name="TC_TestCaseName" time="61.131" classname="com.Airpay.Tests.TC_PP_NetBanking_All_Bank_Name_Access"/>
</testsuite> <!-- TC_PP_NetBanking_Selecting_All_Banks -->
