<?xml version="1.0" encoding="UTF-8"?>
<!-- Generated by org.testng.reporters.JUnitXMLReporter -->
<testsuite hostname="Parmeshwar-QA" name="TC_PP_15_Debit_Card_Cancel_Transaction_from_bankPage" tests="2" failures="0" timestamp="29 Jan 2019 05:47:25 GMT" time="188.468" errors="0">
  <testcase name="setup" time="0.008" classname="com.Airpay.Tests.TC_PP_15_Debit_Card"/>
  <testcase name="TC_TestCaseName" time="174.282" classname="com.Airpay.Tests.TC_PP_15_Debit_Card"/>
</testsuite> <!-- TC_PP_15_Debit_Card_Cancel_Transaction_from_bankPage -->
