<?xml version="1.0" encoding="UTF-8"?>
<!-- Generated by org.testng.reporters.JUnitXMLReporter -->
<testsuite hostname="Parmeshwar-QA" name="TC_PP_EMI_Selecting_Bank_verifying" tests="2" failures="0" timestamp="24 Aug 2018 06:30:43 GMT" time="26.899" errors="0">
  <testcase name="setup" time="0.003" classname="com.Airpay.Tests.TC_PP_EMI_Selecting_Bank_verifying"/>
  <testcase name="TC_TestCaseName" time="14.92" classname="com.Airpay.Tests.TC_PP_EMI_Selecting_Bank_verifying"/>
</testsuite> <!-- TC_PP_EMI_Selecting_Bank_verifying -->
