<?xml version="1.0" encoding="UTF-8"?>
<!-- Generated by org.testng.reporters.JUnitXMLReporter -->
<testsuite hostname="Parmeshwar-QA" name="TC_PP_PaytmChannel_UPI_Success_Transaction" tests="2" failures="0" timestamp="15 Jan 2019 11:19:38 GMT" time="170.693" errors="0">
  <testcase name="setup" time="0.003" classname="com.Airpay.Tests.TC_PP_PaytmChannel_UPI_Success_Transaction"/>
  <testcase name="TC_TestCaseName" time="161.376" classname="com.Airpay.Tests.TC_PP_PaytmChannel_UPI_Success_Transaction"/>
</testsuite> <!-- TC_PP_PaytmChannel_UPI_Success_Transaction -->
