<?xml version="1.0" encoding="UTF-8"?>
<!-- Generated by org.testng.reporters.JUnitXMLReporter -->
<testsuite hostname="Parmeshwar-QA" name="TC_PP_RTGS_And_NEFT_SuccessTransaction_ErrorMessage" tests="2" failures="0" timestamp="27 Sep 2018 09:19:15 GMT" time="22.292" errors="0">
  <testcase name="setup" time="0.0" classname="com.Airpay.Tests.TC_PP_RTGS_And_NEFT_SuccessTransaction_ErrorMessage"/>
  <testcase name="TC_TestCaseName" time="11.272" classname="com.Airpay.Tests.TC_PP_RTGS_And_NEFT_SuccessTransaction_ErrorMessage"/>
</testsuite> <!-- TC_PP_RTGS_And_NEFT_SuccessTransaction_ErrorMessage -->
