<?xml version="1.0" encoding="UTF-8"?>
<!-- Generated by org.testng.reporters.JUnitXMLReporter -->
<testsuite hostname="Parmeshwar-QA" name="TC_PP_NetBanking_Reselect_Bank_from_previous_selected_popular_bank" tests="2" failures="0" timestamp="1 Nov 2018 09:33:58 GMT" time="27.196" errors="0">
  <testcase name="setup" time="0.003" classname="com.Airpay.Tests.TC_PP_NetBanking_Previous_Selected_PopularBank_Inline_kit"/>
  <testcase name="TC_TestCaseName" time="17.222" classname="com.Airpay.Tests.TC_PP_NetBanking_Previous_Selected_PopularBank_Inline_kit"/>
</testsuite> <!-- TC_PP_NetBanking_Reselect_Bank_from_previous_selected_popular_bank -->
