<?xml version="1.0" encoding="UTF-8"?>
<!-- Generated by org.testng.reporters.JUnitXMLReporter -->
<testsuite hostname="Parmeshwar-QA" name="TC_PP_Invalid_UPI_Address" tests="2" failures="0" timestamp="27 Sep 2018 10:00:37 GMT" time="42.687" errors="0">
  <testcase name="setup" time="0.001" classname="com.Airpay.Tests.TC_PP_Invalid_UPI_Address_ErrMsg"/>
  <testcase name="TC_TestCaseName" time="33.872" classname="com.Airpay.Tests.TC_PP_Invalid_UPI_Address_ErrMsg"/>
</testsuite> <!-- TC_PP_Invalid_UPI_Address -->
