<?xml version="1.0" encoding="UTF-8"?>
<!-- Generated by org.testng.reporters.JUnitXMLReporter -->
<testsuite hostname="Parmeshwar-QA" name="TC_PP_Tez_Session_TimeOut_ErrorMesg" tests="2" failures="0" timestamp="27 Sep 2018 10:42:16 GMT" time="217.966" errors="0">
  <testcase name="setup" time="0.0" classname="com.Airpay.Tests.TC_PP_Tez_Session_TimeOut_ErrorMesg"/>
  <testcase name="TC_TestCaseName" time="209.177" classname="com.Airpay.Tests.TC_PP_Tez_Session_TimeOut_ErrorMesg"/>
</testsuite> <!-- TC_PP_Tez_Session_TimeOut_ErrorMesg -->
