<?xml version="1.0" encoding="UTF-8"?>
<!-- Generated by org.testng.reporters.JUnitXMLReporter -->
<testsuite hostname="Parmeshwar-QA" name="TC_PP_Moto_Transaction_Debit_Card_failed_Transaction_with_Surcharge_Applied" tests="2" failures="0" timestamp="24 Oct 2018 11:51:05 GMT" time="82.765" errors="0">
  <testcase name="setup" time="0.004" classname="com.Airpay.Tests.TC_PP_Moto_Transaction_Credit_Card_failed_Transaction_with_Surcharge_Applied"/>
  <testcase name="TC_TestCaseName" time="70.433" classname="com.Airpay.Tests.TC_PP_Moto_Transaction_Credit_Card_failed_Transaction_with_Surcharge_Applied"/>
</testsuite> <!-- TC_PP_Moto_Transaction_Debit_Card_failed_Transaction_with_Surcharge_Applied -->
