<?xml version="1.0" encoding="UTF-8"?>
<!-- Generated by org.testng.reporters.JUnitXMLReporter -->
<testsuite hostname="Parmeshwar-QA" name="TC_PP_BharatOR_BarCode_img_verification" tests="2" failures="0" timestamp="19 Dec 2018 07:11:15 GMT" time="45.864" errors="0">
  <testcase name="setup" time="0.003" classname="com.Airpay.Tests.TC_PP_BharatOR_BarCode_img_verification"/>
  <testcase name="TC_TestCaseName" time="33.701" classname="com.Airpay.Tests.TC_PP_BharatOR_BarCode_img_verification"/>
</testsuite> <!-- TC_PP_BharatOR_BarCode_img_verification -->
