<?xml version="1.0" encoding="UTF-8"?>
<!-- Generated by org.testng.reporters.JUnitXMLReporter -->
<testsuite hostname="Parmeshwar-QA" name="TC_PP_17_Credit_Card_AmexCard" tests="2" failures="0" timestamp="17 Aug 2018 12:03:13 GMT" time="45.603" errors="0">
  <testcase name="setup" time="0.001" classname="com.Airpay.Tests.TC_PP_17_Credit_Card"/>
  <testcase name="TC_TestCaseName" time="34.607" classname="com.Airpay.Tests.TC_PP_17_Credit_Card"/>
</testsuite> <!-- TC_PP_17_Credit_Card_AmexCard -->
