<?xml version="1.0" encoding="UTF-8"?>
<!-- Generated by org.testng.reporters.JUnitXMLReporter -->
<testsuite hostname="Parmeshwar-QA" name="TC_PP_Wallet_Red_Line_Error" tests="2" failures="0" timestamp="27 Sep 2018 09:46:53 GMT" time="35.043" errors="0">
  <testcase name="setup" time="0.004" classname="com.Airpay.Tests.TC_PP_Wallet_Red_Line_Error"/>
  <testcase name="TC_TestCaseName" time="24.965" classname="com.Airpay.Tests.TC_PP_Wallet_Red_Line_Error"/>
</testsuite> <!-- TC_PP_Wallet_Red_Line_Error -->
