<?xml version="1.0" encoding="UTF-8"?>
<!-- Generated by org.testng.reporters.JUnitXMLReporter -->
<testsuite hostname="Parmeshwar-QA" name="TC_PP_11_verify_Invalid_Credit_Card_Details_with_Messages" tests="2" failures="0" timestamp="23 Jan 2019 12:17:36 GMT" time="32.331" errors="0">
  <testcase name="setup" time="0.0" classname="com.Airpay.Tests.TC_PP_11_Credit_Card"/>
  <testcase name="TC_TestCaseName" time="23.687" classname="com.Airpay.Tests.TC_PP_11_Credit_Card"/>
</testsuite> <!-- TC_PP_11_verify_Invalid_Credit_Card_Details_with_Messages -->
