<?xml version="1.0" encoding="UTF-8"?>
<!-- Generated by org.testng.reporters.JUnitXMLReporter -->
<testsuite hostname="Parmeshwar-QA" name="TC_PP_PaytmChannel_Session_Cancel_Popup_ErrorMessage" tests="2" failures="0" timestamp="24 Jan 2019 04:51:29 GMT" time="170.848" errors="0">
  <testcase name="setup" time="0.003" classname="com.Airpay.Tests.TC_PP_PaytmChannel_Session_Cancel_Popup_ErrorMessage"/>
  <testcase name="TC_TestCaseName" time="161.331" classname="com.Airpay.Tests.TC_PP_PaytmChannel_Session_Cancel_Popup_ErrorMessage"/>
</testsuite> <!-- TC_PP_PaytmChannel_Session_Cancel_Popup_ErrorMessage -->
