<?xml version="1.0" encoding="UTF-8"?>
<!-- Generated by org.testng.reporters.JUnitXMLReporter -->
<testsuite hostname="Parmeshwar-QA" name="TC_PP_NetBanking_errorValidtion" tests="2" failures="0" timestamp="27 Sep 2018 07:29:07 GMT" time="35.066" errors="0">
  <testcase name="setup" time="0.002" classname="com.Airpay.Tests.TC_PP_NetBanking_errorValidtion"/>
  <testcase name="TC_TestCaseName" time="23.431" classname="com.Airpay.Tests.TC_PP_NetBanking_errorValidtion"/>
</testsuite> <!-- TC_PP_NetBanking_errorValidtion -->
