<?xml version="1.0" encoding="UTF-8"?>
<!-- Generated by org.testng.reporters.JUnitXMLReporter -->
<testsuite hostname="Parmeshwar-QA" name="TC_PP_UPIAddress_Empty_Transaction_ErrorMessage_NewDesign" tests="2" failures="0" timestamp="23 Jan 2019 13:12:52 GMT" time="37.676" errors="0">
  <testcase name="setup" time="0.0" classname="com.Airpay.Tests.TC_PP_UPIAddress_Empty_Transaction_ErrorMessage_NewDesign"/>
  <testcase name="TC_TestCaseName" time="28.82" classname="com.Airpay.Tests.TC_PP_UPIAddress_Empty_Transaction_ErrorMessage_NewDesign"/>
</testsuite> <!-- TC_PP_UPIAddress_Empty_Transaction_ErrorMessage_NewDesign -->
