<?xml version="1.0" encoding="UTF-8"?>
<!-- Generated by org.testng.reporters.JUnitXMLReporter -->
<testsuite hostname="Parmeshwar-QA" name="TC_PP_Credit_Card_logo_Appearance" tests="2" failures="0" timestamp="17 Aug 2018 11:59:56 GMT" time="23.954" errors="0">
  <testcase name="setup" time="0.0" classname="com.Airpay.Tests.TC_PP_Credit_Card_logo_Appearance"/>
  <testcase name="TC_TestCaseName" time="12.994" classname="com.Airpay.Tests.TC_PP_Credit_Card_logo_Appearance"/>
</testsuite> <!-- TC_PP_Credit_Card_logo_Appearance -->
