<?xml version="1.0" encoding="UTF-8"?>
<!-- Generated by org.testng.reporters.JUnitXMLReporter -->
<testsuite hostname="Parmeshwar-QA" name="TC_PP_UPI_Session_Cancel_Popup_ErrorMessage" tests="2" failures="0" timestamp="22 Aug 2018 07:41:00 GMT" time="40.613" errors="0">
  <testcase name="setup" time="0.003" classname="com.Airpay.Tests.TC_PP_valid_UPI_Session_Cancel_popup_ErrMsg"/>
  <testcase name="TC_TestCaseName" time="28.64" classname="com.Airpay.Tests.TC_PP_valid_UPI_Session_Cancel_popup_ErrMsg"/>
</testsuite> <!-- TC_PP_UPI_Session_Cancel_Popup_ErrorMessage -->
