<?xml version="1.0" encoding="UTF-8"?>
<!-- Generated by org.testng.reporters.JUnitXMLReporter -->
<testsuite hostname="Parmeshwar-QA" name="TC_PP_Tez_Transaction_Decline_ErrorMessage" tests="2" failures="0" timestamp="29 Aug 2018 06:02:22 GMT" time="152.205" errors="0">
  <testcase name="setup" time="0.004" classname="com.Airpay.Tests.TC_PP_Tez_Transaction_Decline_ErrorMessage"/>
  <testcase name="TC_TestCaseName" time="140.068" classname="com.Airpay.Tests.TC_PP_Tez_Transaction_Decline_ErrorMessage"/>
</testsuite> <!-- TC_PP_Tez_Transaction_Decline_ErrorMessage -->
