<?xml version="1.0" encoding="UTF-8"?>
<!-- Generated by org.testng.reporters.JUnitXMLReporter -->
<testsuite hostname="Parmeshwar-QA" name="TC_PP_Amazon_Pay_TestCase" tests="2" failures="0" timestamp="24 Jan 2019 04:44:57 GMT" time="94.131" errors="0">
  <testcase name="setup" time="0.004" classname="com.Airpay.Tests.TC_PP_Amazon_Pay_TestCase"/>
  <testcase name="TC_TestCaseName" time="84.296" classname="com.Airpay.Tests.TC_PP_Amazon_Pay_TestCase"/>
</testsuite> <!-- TC_PP_Amazon_Pay_TestCase -->
