<?xml version="1.0" encoding="UTF-8"?>
<!-- Generated by org.testng.reporters.JUnitXMLReporter -->
<testsuite hostname="Parmeshwar-QA" name="TC_PP_PaytmChannel_Transaction_Decline_ErrorMessage" tests="2" failures="0" timestamp="15 Jan 2019 11:12:07 GMT" time="231.497" errors="0">
  <testcase name="setup" time="0.004" classname="com.Airpay.Tests.TC_PP_PaytmChannel_Transaction_Decline_ErrorMessage"/>
  <testcase name="TC_TestCaseName" time="222.094" classname="com.Airpay.Tests.TC_PP_PaytmChannel_Transaction_Decline_ErrorMessage"/>
</testsuite> <!-- TC_PP_PaytmChannel_Transaction_Decline_ErrorMessage -->
