<?xml version="1.0" encoding="UTF-8"?>
<!-- Generated by org.testng.reporters.JUnitXMLReporter -->
<testsuite hostname="Parmeshwar-QA" name="TC_PP_17_Credit_Card_AmexCard" tests="2" failures="0" timestamp="1 Oct 2018 09:50:10 GMT" time="80.445" errors="0">
  <testcase name="setup" time="0.015" classname="com.Airpay.Tests.TC_PP_17_Credit_Card"/>
  <testcase name="TC_TestCaseName" time="68.544" classname="com.Airpay.Tests.TC_PP_17_Credit_Card"/>
</testsuite> <!-- TC_PP_17_Credit_Card_AmexCard -->
