<?xml version="1.0" encoding="UTF-8"?>
<!-- Generated by org.testng.reporters.JUnitXMLReporter -->
<testsuite hostname="Parmeshwar-QA" name="TC_PP_UPI_Transaction_Decline_ErrorMessage_NewDesign" tests="2" failures="0" timestamp="7 Jan 2019 06:38:00 GMT" time="337.393" errors="0">
  <testcase name="setup" time="0.0" classname="com.Airpay.Tests.TC_PP_valid_UPI_Transaction_Decline_ErrorMsg"/>
  <testcase name="TC_TestCaseName" time="326.481" classname="com.Airpay.Tests.TC_PP_valid_UPI_Transaction_Decline_ErrorMsg"/>
</testsuite> <!-- TC_PP_UPI_Transaction_Decline_ErrorMessage_NewDesign -->
