<?xml version="1.0" encoding="UTF-8"?>
<!-- Generated by org.testng.reporters.JUnitXMLReporter -->
<testsuite hostname="Parmeshwar-QA" name="TC_PP_UPI_Session_Cancel_Popup_ErrorMessage" tests="2" failures="0" timestamp="3 Dec 2018 11:59:50 GMT" time="41.578" errors="0">
  <testcase name="setup" time="0.0" classname="com.Airpay.Tests.TC_PP_valid_UPI_Session_Cancel_popup_ErrMsg"/>
  <testcase name="TC_TestCaseName" time="32.721" classname="com.Airpay.Tests.TC_PP_valid_UPI_Session_Cancel_popup_ErrMsg"/>
</testsuite> <!-- TC_PP_UPI_Session_Cancel_Popup_ErrorMessage -->
