<?xml version="1.0" encoding="UTF-8"?>
<!-- Generated by org.testng.reporters.JUnitXMLReporter -->
<testsuite hostname="Parmeshwar-QA" name="TC_PP_BharatOR_BarCode_Session_TimeOut_errVerification" tests="2" failures="0" timestamp="24 Jan 2019 04:20:47 GMT" time="36.91" errors="0">
  <testcase name="setup" time="0.0" classname="com.Airpay.Tests.TC_PP_BharatOR_BarCode_Session_TimeOut_errVerification"/>
  <testcase name="TC_TestCaseName" time="28.227" classname="com.Airpay.Tests.TC_PP_BharatOR_BarCode_Session_TimeOut_errVerification"/>
</testsuite> <!-- TC_PP_BharatOR_BarCode_Session_TimeOut_errVerification -->
