<?xml version="1.0" encoding="UTF-8"?>
<!-- Generated by org.testng.reporters.JUnitXMLReporter -->
<testsuite hostname="Parmeshwar-QA" name="TC_PP_UPI_Session_TimeOut_ErrorMessage" tests="2" failures="0" timestamp="22 Aug 2018 07:20:57 GMT" time="221.053" errors="0">
  <testcase name="setup" time="0.003" classname="com.Airpay.Tests.TC_PP_valid_UPI_SessionTimeOut_ErrMsg"/>
  <testcase name="TC_TestCaseName" time="209.019" classname="com.Airpay.Tests.TC_PP_valid_UPI_SessionTimeOut_ErrMsg"/>
</testsuite> <!-- TC_PP_UPI_Session_TimeOut_ErrorMessage -->
