<?xml version="1.0" encoding="UTF-8"?>
<!-- Generated by org.testng.reporters.JUnitXMLReporter -->
<testsuite hostname="Parmeshwar-QA" name="TC_PP_12_verify_Indian_card_ErrorMessages" tests="2" failures="0" timestamp="23 Jan 2019 12:18:34 GMT" time="28.744" errors="0">
  <testcase name="setup" time="0.0" classname="com.Airpay.Tests.TC_PP_12"/>
  <testcase name="TC_TestCaseName" time="20.095" classname="com.Airpay.Tests.TC_PP_12"/>
</testsuite> <!-- TC_PP_12_verify_Indian_card_ErrorMessages -->
