<?xml version="1.0" encoding="UTF-8"?>
<!-- Generated by org.testng.reporters.JUnitXMLReporter -->
<testsuite hostname="Parmeshwar-QA" name="TC_PP_SandBox_Transaction_Debit_Card_failed_Transaction" tests="2" failures="0" timestamp="23 Jan 2019 13:12:14 GMT" time="32.655" errors="0">
  <testcase name="setup" time="0.0" classname="com.Airpay.Tests.TC_PP_Moto_Transaction_Debit_Card_failed_Transaction"/>
  <testcase name="TC_TestCaseName" time="23.916" classname="com.Airpay.Tests.TC_PP_Moto_Transaction_Debit_Card_failed_Transaction"/>
</testsuite> <!-- TC_PP_SandBox_Transaction_Debit_Card_failed_Transaction -->
