<?xml version="1.0" encoding="UTF-8"?>
<!-- Generated by org.testng.reporters.JUnitXMLReporter -->
<testsuite hostname="Parmeshwar-QA" name="TC_PP_Tez_Transaction_Decline_ErrorMessage" tests="2" failures="0" timestamp="27 Sep 2018 10:47:08 GMT" time="261.18" errors="0">
  <testcase name="setup" time="0.0" classname="com.Airpay.Tests.TC_PP_Tez_Transaction_Decline_ErrorMessage"/>
  <testcase name="TC_TestCaseName" time="254.214" classname="com.Airpay.Tests.TC_PP_Tez_Transaction_Decline_ErrorMessage"/>
</testsuite> <!-- TC_PP_Tez_Transaction_Decline_ErrorMessage -->
