<?xml version="1.0" encoding="UTF-8"?>
<!-- Generated by org.testng.reporters.JUnitXMLReporter -->
<testsuite hostname="Parmeshwar-QA" name="TC_PP_AmexeZeClick_Testcase" tests="2" failures="0" timestamp="24 Jan 2019 04:21:22 GMT" time="34.919" errors="0">
  <testcase name="setup" time="0.0" classname="com.Airpay.Tests.TC_PP_AmexeZeClick_Testcase"/>
  <testcase name="TC_TestCaseName" time="26.308" classname="com.Airpay.Tests.TC_PP_AmexeZeClick_Testcase"/>
</testsuite> <!-- TC_PP_AmexeZeClick_Testcase -->
