<?xml version="1.0" encoding="UTF-8"?>
<!-- Generated by org.testng.reporters.JUnitXMLReporter -->
<testsuite hostname="Parmeshwar-QA" name="TC_PP_UPI_Transaction_Decline_ErrorMessage" tests="2" failures="0" timestamp="22 Aug 2018 10:22:50 GMT" time="121.729" errors="0">
  <testcase name="setup" time="0.004" classname="com.Airpay.Tests.TC_PP_valid_UPI_Transaction_Decline_ErrorMsg"/>
  <testcase name="TC_TestCaseName" time="109.759" classname="com.Airpay.Tests.TC_PP_valid_UPI_Transaction_Decline_ErrorMsg"/>
</testsuite> <!-- TC_PP_UPI_Transaction_Decline_ErrorMessage -->
