<?xml version="1.0" encoding="UTF-8"?>
<!-- Generated by org.testng.reporters.JUnitXMLReporter -->
<testsuite hostname="Parmeshwar-QA" name="TC_PP_09_verify_Debit_Card_Red_line_errors" tests="2" failures="0" timestamp="23 Jan 2019 12:16:46 GMT" time="26.131" errors="0">
  <testcase name="setup" time="0.0" classname="com.Airpay.Tests.TC_PP_09_Debit_Card"/>
  <testcase name="TC_TestCaseName" time="17.383" classname="com.Airpay.Tests.TC_PP_09_Debit_Card"/>
</testsuite> <!-- TC_PP_09_verify_Debit_Card_Red_line_errors -->
