<?xml version="1.0" encoding="UTF-8"?>
<testng-results skipped="0" failed="0" total="1" passed="1">
  <reporter-output>
  </reporter-output>
  <suite name="Main Test Suite" duration-ms="164659" started-at="2018-09-14T11:51:16Z" finished-at="2018-09-14T11:54:01Z">
    <groups>
    </groups>
    <test name="TestNG Test Group1" duration-ms="164659" started-at="2018-09-14T11:51:16Z" finished-at="2018-09-14T11:54:01Z">
      <class name="com.Airpay.Utilities.Create_TestNGXML">
        <test-method status="PASS" signature="createXMLfile()[pri:0, instance:com.Airpay.Utilities.Create_TestNGXML@7d9d1a19]" name="createXMLfile" duration-ms="164627" started-at="2018-09-14T17:21:16Z" finished-at="2018-09-14T17:24:01Z">
          <reporter-output>
          </reporter-output>
        </test-method> <!-- createXMLfile -->
      </class> <!-- com.Airpay.Utilities.Create_TestNGXML -->
    </test> <!-- TestNG Test Group1 -->
  </suite> <!-- Main Test Suite -->
</testng-results>
